Arguments: 
  /usr/local/Cellar/node/8.5.0/bin/node /usr/local/bin/yarn start

PATH: 
  /usr/local/bin:/usr/bin:/bin:/usr/sbin:/sbin

Yarn version: 
  1.3.2

Node version: 
  8.5.0

Platform: 
  darwin x64

npm manifest: 
  {
    "name": "mern",
    "version": "0.1.0",
    "private": true,
    "proxy": "http://localhost:3001/",
    "dependencies": {
      "axios": "^0.16.2",
      "react": "^16.0.0",
      "react-burger-menu": "^2.1.11",
      "react-dom": "^16.0.0",
  <<<<<<< HEAD
      "react-modal": "^3.1.10",
  =======
      "react-google-login-component": "^0.9.2",
  >>>>>>> 2767326b4efce242ff71bc44204de7b858bb2296
      "react-router-dom": "^4.1.2",
      "react-scripts": "1.0.14"
    },
    "scripts": {
      "start": "react-scripts start",
      "build": "react-scripts build",
      "test": "react-scripts test --env=jsdom",
      "eject": "react-scripts eject"
    }
  }

yarn manifest: 
  No manifest

Lockfile: 
  No lockfile

Trace: 
  SyntaxError: /Users/wellingtonstudio/Desktop/Bootcamp Downloads/CharityApp/client/package.json: Unexpected token < in JSON at position 230
      at JSON.parse (<anonymous>)
      at /usr/local/lib/node_modules/yarn/lib/cli.js:770:59
      at Generator.next (<anonymous>)
      at step (/usr/local/lib/node_modules/yarn/lib/cli.js:92:30)
      at /usr/local/lib/node_modules/yarn/lib/cli.js:103:13
      at <anonymous>
